<?xml version="1.0"?>
<!DOCTYPE coverage SYSTEM "http://cobertura.sourceforge.net/xml/coverage-04.dtd">

<coverage line-rate="0.6556464811783961" branch-rate="0.5433854907539118" lines-covered="2003" lines-valid="3055" branches-covered="382" branches-valid="703" complexity="1.4889071487263763" version="1.9.4.1" timestamp="1294325205276">
	<sources>
		<source>--source</source>
		<source>/home/stephenc/src/hector/target/checkout/core/src/main/java</source>
	</sources>
	<packages>
		<package name="me.prettyprint.cassandra.connection" line-rate="0.5068807339449541" branch-rate="0.3711340206185567" complexity="2.914285714285714">
			<classes>
				<class name="me.prettyprint.cassandra.connection.BackgroundCassandraHostService" filename="me/prettyprint/cassandra/connection/BackgroundCassandraHostService.java" line-rate="0.6666666666666666" branch-rate="1.0" complexity="1.0">
					<methods>
						<method name="&lt;init&gt;" signature="(Lme/prettyprint/cassandra/connection/HConnectionManager;Lme/prettyprint/cassandra/service/CassandraHostConfigurator;)V" line-rate="1.0" branch-rate="1.0">
							<lines>
								<line number="11" hits="56" branch="false"/>
								<line number="20" hits="56" branch="false"/>
								<line number="21" hits="56" branch="false"/>
								<line number="22" hits="56" branch="false"/>
								<line number="23" hits="56" branch="false"/>
								<line number="29" hits="56" branch="false"/>
							</lines>
						</method>
						<method name="getRetryDelayInSeconds" signature="()I" line-rate="0.0" branch-rate="1.0">
							<lines>
								<line number="38" hits="0" branch="false"/>
							</lines>
						</method>
						<method name="setRetryDelayInSeconds" signature="(I)V" line-rate="0.0" branch-rate="1.0">
							<lines>
								<line number="42" hits="0" branch="false"/>
								<line number="43" hits="0" branch="false"/>
							</lines>
						</method>
					</methods>
					<lines>
						<line number="11" hits="56" branch="false"/>
						<line number="20" hits="56" branch="false"/>
						<line number="21" hits="56" branch="false"/>
						<line number="22" hits="56" branch="false"/>
						<line number="23" hits="56" branch="false"/>
						<line number="29" hits="56" branch="false"/>
						<line number="38" hits="0" branch="false"/>
						<line number="42" hits="0" branch="false"/>
						<line number="43" hits="0" branch="false"/>
					</lines>
				</class>
				<class name="me.prettyprint.cassandra.connection.BackgroundCassandraHostService$1" filename="me/prettyprint/cassandra/connection/BackgroundCassandraHostService.java" line-rate="1.0" branch-rate="1.0" complexity="1.0">
					<methods>
						<method name="&lt;init&gt;" signature="(Lme/prettyprint/cassandra/connection/BackgroundCassandraHostService;)V" line-rate="1.0" branch-rate="1.0">
							<lines>
								<line number="23" hits="56" branch="false"/>
							</lines>
						</method>
						<method name="run" signature="()V" line-rate="1.0" branch-rate="1.0">
							<lines>
								<line number="26" hits="19" branch="false"/>
								<line number="27" hits="5" branch="false"/>
							</lines>
						</method>
					</methods>
					<lines>
						<line number="23" hits="56" branch="false"/>
						<line number="26" hits="19" branch="false"/>
						<line number="27" hits="5" branch="false"/>
					</lines>
				</class>
				<class name="me.prettyprint.cassandra.connection.CassandraHostRetryService" filename="me/prettyprint/cassandra/connection/CassandraHostRetryService.java" line-rate="0.5714285714285714" branch-rate="0.3333333333333333" complexity="2.4444444444444446">
					<methods>
						<method name="&lt;clinit&gt;" signature="()V" line-rate="1.0" branch-rate="1.0">
							<lines>
								<line number="22" hits="12" branch="false"/>
							</lines>
						</method>
						<method name="&lt;init&gt;" signature="(Lme/prettyprint/cassandra/connection/HConnectionManager;Lme/prettyprint/cassandra/service/CassandraHostConfigurator;)V" line-rate="1.0" branch-rate="1.0">
							<lines>
								<line number="31" hits="56" branch="false"/>
								<line number="32" hits="56" branch="false"/>
								<line number="33" hits="56" branch="false"/>
								<line number="34" hits="56" branch="false"/>
								<line number="35" hits="56" branch="false"/>
								<line number="37" hits="56" branch="false"/>
								<line number="40" hits="56" branch="false"/>
							</lines>
						</method>
						<method name="access$000" signature="(Lme/prettyprint/cassandra/connection/CassandraHostRetryService;)Ljava/util/concurrent/LinkedBlockingQueue;" line-rate="1.0" branch-rate="1.0">
							<lines>
							</lines>
						</method>
						<method name="access$100" signature="()Lorg/slf4j/Logger;" line-rate="1.0" branch-rate="1.0">
							<lines>
								<line number="20" hits="34" branch="false"/>
							</lines>
						</method>
						<method name="add" signature="(Lme/prettyprint/cassandra/service/CassandraHost;)V" line-rate="0.0" branch-rate="0.0">
							<lines>
								<line number="55" hits="0" branch="false"/>
								<line number="56" hits="0" branch="true" condition-coverage="0% (0/2)">
									<conditions>
										<condition number="0" type="jump" coverage="0%"/>
									</conditions>
								</line>
								<line number="57" hits="0" branch="false"/>
								<line number="59" hits="0" branch="false"/>
							</lines>
						</method>
						<method name="applyRetryDelay" signature="()V" line-rate="0.0" branch-rate="1.0">
							<lines>
								<line number="71" hits="0" branch="false"/>
								<line number="72" hits="0" branch="false"/>
								<line number="73" hits="0" branch="false"/>
							</lines>
						</method>
						<method name="contains" signature="(Lme/prettyprint/cassandra/service/CassandraHost;)Z" line-rate="0.0" branch-rate="1.0">
							<lines>
								<line number="62" hits="0" branch="false"/>
							</lines>
						</method>
						<method name="flushQueue" signature="()V" line-rate="0.0" branch-rate="1.0">
							<lines>
								<line number="76" hits="0" branch="false"/>
								<line number="77" hits="0" branch="false"/>
								<line number="78" hits="0" branch="false"/>
							</lines>
						</method>
						<method name="getDownedHosts" signature="()Ljava/util/Set;" line-rate="0.0" branch-rate="1.0">
							<lines>
								<line number="66" hits="0" branch="false"/>
							</lines>
						</method>
						<method name="shutdown" signature="()V" line-rate="1.0" branch-rate="0.5">
							<lines>
								<line number="44" hits="24" branch="false"/>
								<line number="45" hits="17" branch="true" condition-coverage="50% (1/2)">
									<conditions>
										<condition number="0" type="jump" coverage="50%"/>
									</conditions>
								</line>
								<line number="46" hits="17" branch="false"/>
								<line number="48" hits="18" branch="true" condition-coverage="50% (1/2)">
									<conditions>
										<condition number="0" type="jump" coverage="50%"/>
									</conditions>
								</line>
								<line number="49" hits="10" branch="false"/>
								<line number="51" hits="7" branch="false"/>
								<line number="52" hits="3" branch="false"/>
							</lines>
						</method>
					</methods>
					<lines>
						<line number="20" hits="34" branch="false"/>
						<line number="22" hits="12" branch="false"/>
						<line number="31" hits="56" branch="false"/>
						<line number="32" hits="56" branch="false"/>
						<line number="33" hits="56" branch="false"/>
						<line number="34" hits="56" branch="false"/>
						<line number="35" hits="56" branch="false"/>
						<line number="37" hits="56" branch="false"/>
						<line number="40" hits="56" branch="false"/>
						<line number="44" hits="24" branch="false"/>
						<line number="45" hits="17" branch="true" condition-coverage="50% (1/2)">
							<conditions>
								<condition number="0" type="jump" coverage="50%"/>
							</conditions>
						</line>
						<line number="46" hits="17" branch="false"/>
						<line number="48" hits="18" branch="true" condition-coverage="50% (1/2)">
							<conditions>
								<condition number="0" type="jump" coverage="50%"/>
							</conditions>
						</line>
						<line number="49" hits="10" branch="false"/>
						<line number="51" hits="7" branch="false"/>
						<line number="52" hits="3" branch="false"/>
						<line number="55" hits="0" branch="false"/>
						<line number="56" hits="0" branch="true" condition-coverage="0% (0/2)">
							<conditions>
								<condition number="0" type="jump" coverage="0%"/>
							</conditions>
						</line>
						<line number="57" hits="0" branch="false"/>
						<line number="59" hits="0" branch="false"/>
						<line number="62" hits="0" branch="false"/>
						<line number="66" hits="0" branch="false"/>
						<line number="71" hits="0" branch="false"/>
						<line number="72" hits="0" branch="false"/>
						<line number="73" hits="0" branch="false"/>
						<line number="76" hits="0" branch="false"/>
						<line number="77" hits="0" branch="false"/>
						<line number="78" hits="0" branch="false"/>
					</lines>
				</class>
				<class name="me.prettyprint.cassandra.connection.CassandraHostRetryService$RetryRunner" filename="me/prettyprint/cassandra/connection/CassandraHostRetryService.java" line-rate="0.19230769230769232" branch-rate="0.14285714285714285" complexity="2.4444444444444446">
					<methods>
						<method name="&lt;init&gt;" signature="(Lme/prettyprint/cassandra/connection/CassandraHostRetryService;)V" line-rate="1.0" branch-rate="1.0">
							<lines>
								<line number="82" hits="56" branch="false"/>
							</lines>
						</method>
						<method name="run" signature="()V" line-rate="0.3333333333333333" branch-rate="0.2">
							<lines>
								<line number="86" hits="17" branch="false"/>
								<line number="87" hits="17" branch="true" condition-coverage="50% (1/2)">
									<conditions>
										<condition number="0" type="jump" coverage="50%"/>
									</conditions>
								</line>
								<line number="88" hits="17" branch="true" condition-coverage="50% (1/2)">
									<conditions>
										<condition number="0" type="jump" coverage="50%"/>
									</conditions>
								</line>
								<line number="89" hits="0" branch="false"/>
								<line number="91" hits="17" branch="false"/>
								<line number="94" hits="0" branch="false"/>
								<line number="95" hits="0" branch="false"/>
								<line number="96" hits="0" branch="true" condition-coverage="0% (0/2)">
									<conditions>
										<condition number="0" type="jump" coverage="0%"/>
									</conditions>
								</line>
								<line number="98" hits="0" branch="false"/>
								<line number="100" hits="0" branch="true" condition-coverage="0% (0/4)">
									<conditions>
										<condition number="0" type="jump" coverage="0%"/>
										<condition number="1" type="jump" coverage="0%"/>
									</conditions>
								</line>
								<line number="101" hits="0" branch="false"/>
								<line number="104" hits="0" branch="false"/>
							</lines>
						</method>
						<method name="verifyConnection" signature="(Lme/prettyprint/cassandra/service/CassandraHost;)Z" line-rate="0.0" branch-rate="0.0">
							<lines>
								<line number="107" hits="0" branch="true" condition-coverage="0% (0/2)">
									<conditions>
										<condition number="0" type="jump" coverage="0%"/>
									</conditions>
								</line>
								<line number="108" hits="0" branch="false"/>
								<line number="110" hits="0" branch="false"/>
								<line number="111" hits="0" branch="false"/>
								<line number="114" hits="0" branch="false"/>
								<line number="115" hits="0" branch="true" condition-coverage="0% (0/2)">
									<conditions>
										<condition number="0" type="jump" coverage="0%"/>
									</conditions>
								</line>
								<line number="116" hits="0" branch="false"/>
								<line number="117" hits="0" branch="false"/>
								<line number="118" hits="0" branch="false"/>
								<line number="119" hits="0" branch="false"/>
								<line number="121" hits="0" branch="false"/>
								<line number="123" hits="0" branch="false"/>
								<line number="124" hits="0" branch="false"/>
							</lines>
						</method>
					</methods>
					<lines>
						<line number="82" hits="56" branch="false"/>
						<line number="86" hits="17" branch="false"/>
						<line number="87" hits="17" branch="true" condition-coverage="50% (1/2)">
							<conditions>
								<condition number="0" type="jump" coverage="50%"/>
							</conditions>
						</line>
						<line number="88" hits="17" branch="true" condition-coverage="50% (1/2)">
							<conditions>
								<condition number="0" type="jump" coverage="50%"/>
							</conditions>
						</line>
						<line number="89" hits="0" branch="false"/>
						<line number="91" hits="17" branch="false"/>
						<line number="94" hits="0" branch="false"/>
						<line number="95" hits="0" branch="false"/>
						<line number="96" hits="0" branch="true" condition-coverage="0% (0/2)">
							<conditions>
								<condition number="0" type="jump" coverage="0%"/>
							</conditions>
						</line>
						<line number="98" hits="0" branch="false"/>
						<line number="100" hits="0" branch="true" condition-coverage="0% (0/4)">
							<conditions>
								<condition number="0" type="jump" coverage="0%"/>
								<condition number="1" type="jump" coverage="0%"/>
							</conditions>
						</line>
						<line number="101" hits="0" branch="false"/>
						<line number="104" hits="0" branch="false"/>
						<line number="107" hits="0" branch="true" condition-coverage="0% (0/2)">
							<conditions>
								<condition number="0" type="jump" coverage="0%"/>
							</conditions>
						</line>
						<line number="108" hits="0" branch="false"/>
						<line number="110" hits="0" branch="false"/>
						<line number="111" hits="0" branch="false"/>
						<line number="114" hits="0" branch="false"/>
						<line number="115" hits="0" branch="true" condition-coverage="0% (0/2)">
							<conditions>
								<condition number="0" type="jump" coverage="0%"/>
							</conditions>
						</line>
						<line number="116" hits="0" branch="false"/>
						<line number="117" hits="0" branch="false"/>
						<line number="118" hits="0" branch="false"/>
						<line number="119" hits="0" branch="false"/>
						<line number="121" hits="0" branch="false"/>
						<line number="123" hits="0" branch="false"/>
						<line number="124" hits="0" branch="false"/>
					</lines>
				</class>
				<class name="me.prettyprint.cassandra.connection.ConcurrentHClientPool" filename="me/prettyprint/cassandra/connection/ConcurrentHClientPool.java" line-rate="0.5714285714285714" branch-rate="0.3333333333333333" complexity="2.8">
					<methods>
						<method name="&lt;clinit&gt;" signature="()V" line-rate="1.0" branch-rate="1.0">
							<lines>
								<line number="20" hits="14" branch="false"/>
							</lines>
						</method>
						<method name="&lt;init&gt;" signature="(Lme/prettyprint/cassandra/service/CassandraHost;)V" line-rate="0.9230769230769231" branch-rate="0.6666666666666666">
							<lines>
								<line number="32" hits="61" branch="false"/>
								<line number="33" hits="61" branch="false"/>
								<line number="35" hits="61" branch="false"/>
								<line number="36" hits="61" branch="false"/>
								<line number="37" hits="61" branch="false"/>
								<line number="38" hits="61" branch="false"/>
								<line number="39" hits="61" branch="false"/>
								<line number="41" hits="61" branch="true" condition-coverage="50% (1/2)">
									<conditions>
										<condition number="0" type="jump" coverage="50%"/>
									</conditions>
								</line>
								<line number="43" hits="1021" branch="true" condition-coverage="100% (2/2)">
									<conditions>
										<condition number="0" type="jump" coverage="100%"/>
									</conditions>
								</line>
								<line number="44" hits="961" branch="false"/>
								<line number="46" hits="60" branch="true" condition-coverage="50% (1/2)">
									<conditions>
										<condition number="0" type="jump" coverage="50%"/>
									</conditions>
								</line>
								<line number="47" hits="0" branch="false"/>
								<line number="52" hits="60" branch="false"/>
							</lines>
						</method>
						<method name="addClientToPoolGently" signature="(Lme/prettyprint/cassandra/connection/HThriftClient;)V" line-rate="0.5" branch-rate="1.0">
							<lines>
								<line number="217" hits="2627" branch="false"/>
								<line number="218" hits="0" branch="false"/>
								<line number="219" hits="0" branch="false"/>
								<line number="220" hits="0" branch="false"/>
								<line number="221" hits="2627" branch="false"/>
								<line number="222" hits="2627" branch="false"/>
							</lines>
						</method>
						<method name="borrowClient" signature="()Lme/prettyprint/cassandra/connection/HThriftClient;" line-rate="0.3225806451612903" branch-rate="0.16666666666666666">
							<lines>
								<line number="56" hits="2627" branch="true" condition-coverage="50% (1/2)">
									<conditions>
										<condition number="0" type="jump" coverage="50%"/>
									</conditions>
								</line>
								<line number="57" hits="0" branch="false"/>
								<line number="60" hits="2627" branch="false"/>
								<line number="61" hits="2627" branch="false"/>
								<line number="63" hits="2627" branch="false"/>
								<line number="64" hits="2627" branch="false"/>
								<line number="65" hits="2627" branch="true" condition-coverage="50% (1/2)">
									<conditions>
										<condition number="0" type="jump" coverage="50%"/>
									</conditions>
								</line>
								<line number="66" hits="0" branch="true" condition-coverage="0% (0/2)">
									<conditions>
										<condition number="0" type="jump" coverage="0%"/>
									</conditions>
								</line>
								<line number="68" hits="0" branch="false"/>
								<line number="69" hits="0" branch="false"/>
								<line number="72" hits="0" branch="true" condition-coverage="0% (0/2)">
									<conditions>
										<condition number="0" type="jump" coverage="0%"/>
									</conditions>
								</line>
								<line number="73" hits="0" branch="false"/>
								<line number="76" hits="0" branch="true" condition-coverage="0% (0/2)">
									<conditions>
										<condition number="0" type="jump" coverage="0%"/>
									</conditions>
								</line>
								<line number="77" hits="0" branch="true" condition-coverage="0% (0/4)">
									<conditions>
										<condition number="0" type="jump" coverage="0%"/>
										<condition number="1" type="jump" coverage="0%"/>
									</conditions>
								</line>
								<line number="79" hits="0" branch="false"/>
								<line number="80" hits="0" branch="false"/>
								<line number="81" hits="0" branch="false"/>
								<line number="82" hits="0" branch="false"/>
								<line number="83" hits="0" branch="false"/>
								<line number="88" hits="0" branch="false"/>
								<line number="89" hits="0" branch="true" condition-coverage="0% (0/2)">
									<conditions>
										<condition number="0" type="jump" coverage="0%"/>
									</conditions>
								</line>
								<line number="90" hits="0" branch="false"/>
								<line number="91" hits="0" branch="false"/>
								<line number="97" hits="0" branch="false"/>
								<line number="99" hits="0" branch="false"/>
								<line number="100" hits="0" branch="false"/>
								<line number="104" hits="2627" branch="true" condition-coverage="50% (1/2)">
									<conditions>
										<condition number="0" type="jump" coverage="50%"/>
									</conditions>
								</line>
								<line number="105" hits="0" branch="false"/>
								<line number="107" hits="2627" branch="false"/>
								<line number="108" hits="2627" branch="false"/>
								<line number="111" hits="2627" branch="false"/>
							</lines>
						</method>
						<method name="getCassandraHost" signature="()Lme/prettyprint/cassandra/service/CassandraHost;" line-rate="0.0" branch-rate="1.0">
							<lines>
								<line number="138" hits="0" branch="false"/>
							</lines>
						</method>
						<method name="getIsActive" signature="()Z" line-rate="0.0" branch-rate="1.0">
							<lines>
								<line number="179" hits="0" branch="false"/>
							</lines>
						</method>
						<method name="getMaxActive" signature="()I" line-rate="0.0" branch-rate="1.0">
							<lines>
								<line number="175" hits="0" branch="false"/>
							</lines>
						</method>
						<method name="getName" signature="()Ljava/lang/String;" line-rate="1.0" branch-rate="1.0">
							<lines>
								<line number="143" hits="4" branch="false"/>
							</lines>
						</method>
						<method name="getNumActive" signature="()I" line-rate="1.0" branch-rate="1.0">
							<lines>
								<line number="149" hits="4" branch="false"/>
							</lines>
						</method>
						<method name="getNumBeforeExhausted" signature="()I" line-rate="1.0" branch-rate="1.0">
							<lines>
								<line number="154" hits="1" branch="false"/>
							</lines>
						</method>
						<method name="getNumBlockedThreads" signature="()I" line-rate="1.0" branch-rate="1.0">
							<lines>
								<line number="160" hits="2" branch="false"/>
							</lines>
						</method>
						<method name="getNumIdle" signature="()I" line-rate="1.0" branch-rate="1.0">
							<lines>
								<line number="166" hits="2" branch="false"/>
							</lines>
						</method>
						<method name="getStatusAsString" signature="()Ljava/lang/String;" line-rate="0.0" branch-rate="1.0">
							<lines>
								<line number="183" hits="0" branch="false"/>
							</lines>
						</method>
						<method name="isExhausted" signature="()Z" line-rate="0.0" branch-rate="0.0">
							<lines>
								<line number="171" hits="0" branch="true" condition-coverage="0% (0/2)">
									<conditions>
										<condition number="0" type="jump" coverage="0%"/>
									</conditions>
								</line>
							</lines>
						</method>
						<method name="releaseClient" signature="(Lme/prettyprint/cassandra/connection/HThriftClient;)V" line-rate="0.6153846153846154" branch-rate="0.3">
							<lines>
								<line number="188" hits="2627" branch="false"/>
								<line number="189" hits="2627" branch="false"/>
								<line number="190" hits="2627" branch="false"/>
								<line number="191" hits="2627" branch="true" condition-coverage="50% (1/2)">
									<conditions>
										<condition number="0" type="jump" coverage="50%"/>
									</conditions>
								</line>
								<line number="192" hits="2627" branch="true" condition-coverage="50% (1/2)">
									<conditions>
										<condition number="0" type="jump" coverage="50%"/>
									</conditions>
								</line>
								<line number="193" hits="2627" branch="false"/>
								<line number="195" hits="0" branch="false"/>
								<line number="196" hits="0" branch="false"/>
								<line number="199" hits="0" branch="true" condition-coverage="0% (0/4)">
									<conditions>
										<condition number="0" type="jump" coverage="0%"/>
										<condition number="1" type="jump" coverage="0%"/>
									</conditions>
								</line>
								<line number="200" hits="0" branch="false"/>
								<line number="204" hits="2627" branch="true" condition-coverage="50% (1/2)">
									<conditions>
										<condition number="0" type="jump" coverage="50%"/>
									</conditions>
								</line>
								<line number="205" hits="0" branch="false"/>
								<line number="207" hits="2627" branch="false"/>
							</lines>
						</method>
						<method name="shutdown" signature="()V" line-rate="0.9" branch-rate="0.6666666666666666">
							<lines>
								<line number="123" hits="2" branch="true" condition-coverage="50% (1/2)">
									<conditions>
										<condition number="0" type="jump" coverage="50%"/>
									</conditions>
								</line>
								<line number="124" hits="0" branch="false"/>
								<line number="126" hits="2" branch="false"/>
								<line number="127" hits="2" branch="false"/>
								<line number="128" hits="2" branch="false"/>
								<line number="129" hits="2" branch="true" condition-coverage="50% (1/2)">
									<conditions>
										<condition number="0" type="jump" coverage="50%"/>
									</conditions>
								</line>
								<line number="130" hits="2" branch="true" condition-coverage="100% (2/2)">
									<conditions>
										<condition number="0" type="jump" coverage="100%"/>
									</conditions>
								</line>
								<line number="131" hits="32" branch="false"/>
								<line number="134" hits="2" branch="false"/>
								<line number="135" hits="2" branch="false"/>
							</lines>
						</method>
					</methods>
					<lines>
						<line number="20" hits="14" branch="false"/>
						<line number="32" hits="61" branch="false"/>
						<line number="33" hits="61" branch="false"/>
						<line number="35" hits="61" branch="false"/>
						<line number="36" hits="61" branch="false"/>
						<line number="37" hits="61" branch="false"/>
						<line number="38" hits="61" branch="false"/>
						<line number="39" hits="61" branch="false"/>
						<line number="41" hits="61" branch="true" condition-coverage="50% (1/2)">
							<conditions>
								<condition number="0" type="jump" coverage="50%"/>
							</conditions>
						</line>
						<line number="43" hits="1021" branch="true" condition-coverage="100% (2/2)">
							<conditions>
								<condition number="0" type="jump" coverage="100%"/>
							</conditions>
						</line>
						<line number="44" hits="961" branch="false"/>
						<line number="46" hits="60" branch="true" condition-coverage="50% (1/2)">
							<conditions>
								<condition number="0" type="jump" coverage="50%"/>
							</conditions>
						</line>
						<line number="47" hits="0" branch="false"/>
						<line number="52" hits="60" branch="false"/>
						<line number="56" hits="2627" branch="true" condition-coverage="50% (1/2)">
							<conditions>
								<condition number="0" type="jump" coverage="50%"/>
							</conditions>
						</line>
						<line number="57" hits="0" branch="false"/>
						<line number="60" hits="2627" branch="false"/>
						<line number="61" hits="2627" branch="false"/>
						<line number="63" hits="2627" branch="false"/>
						<line number="64" hits="2627" branch="false"/>
						<line number="65" hits="2627" branch="true" condition-coverage="50% (1/2)">
							<conditions>
								<condition number="0" type="jump" coverage="50%"/>
							</conditions>
						</line>
						<line number="66" hits="0" branch="true" condition-coverage="0% (0/2)">
							<conditions>
								<condition number="0" type="jump" coverage="0%"/>
							</conditions>
						</line>
						<line number="68" hits="0" branch="false"/>
						<line number="69" hits="0" branch="false"/>
						<line number="72" hits="0" branch="true" condition-coverage="0% (0/2)">
							<conditions>
								<condition number="0" type="jump" coverage="0%"/>
							</conditions>
						</line>
						<line number="73" hits="0" branch="false"/>
						<line number="76" hits="0" branch="true" condition-coverage="0% (0/2)">
							<conditions>
								<condition number="0" type="jump" coverage="0%"/>
							</conditions>
						</line>
						<line number="77" hits="0" branch="true" condition-coverage="0% (0/4)">
							<conditions>
								<condition number="0" type="jump" coverage="0%"/>
								<condition number="1" type="jump" coverage="0%"/>
							</conditions>
						</line>
						<line number="79" hits="0" branch="false"/>
						<line number="80" hits="0" branch="false"/>
						<line number="81" hits="0" branch="false"/>
						<line number="82" hits="0" branch="false"/>
						<line number="83" hits="0" branch="false"/>
						<line number="88" hits="0" branch="false"/>
						<line number="89" hits="0" branch="true" condition-coverage="0% (0/2)">
							<conditions>
								<condition number="0" type="jump" coverage="0%"/>
							</conditions>
						</line>
						<line number="90" hits="0" branch="false"/>
						<line number="91" hits="0" branch="false"/>
						<line number="97" hits="0" branch="false"/>
						<line number="99" hits="0" branch="false"/>
						<line number="100" hits="0" branch="false"/>
						<line number="104" hits="2627" branch="true" condition-coverage="50% (1/2)">
							<conditions>
								<condition number="0" type="jump" coverage="50%"/>
							</conditions>
						</line>
						<line number="105" hits="0" branch="false"/>
						<line number="107" hits="2627" branch="false"/>
						<line number="108" hits="2627" branch="false"/>
						<line number="111" hits="2627" branch="false"/>
						<line number="123" hits="2" branch="true" condition-coverage="50% (1/2)">
							<conditions>
								<condition number="0" type="jump" coverage="50%"/>
							</conditions>
						</line>
						<line number="124" hits="0" branch="false"/>
						<line number="126" hits="2" branch="false"/>
						<line number="127" hits="2" branch="false"/>
						<line number="128" hits="2" branch="false"/>
						<line number="129" hits="2" branch="true" condition-coverage="50% (1/2)">
							<conditions>
								<condition number="0" type="jump" coverage="50%"/>
							</conditions>
						</line>
						<line number="130" hits="2" branch="true" condition-coverage="100% (2/2)">
							<conditions>
								<condition number="0" type="jump" coverage="100%"/>
							</conditions>
						</line>
						<line number="131" hits="32" branch="false"/>
						<line number="134" hits="2" branch="false"/>
						<line number="135" hits="2" branch="false"/>
						<line number="138" hits="0" branch="false"/>
						<line number="143" hits="4" branch="false"/>
						<line number="149" hits="4" branch="false"/>
						<line number="154" hits="1" branch="false"/>
						<line number="160" hits="2" branch="false"/>
						<line number="166" hits="2" branch="false"/>
						<line number="171" hits="0" branch="true" condition-coverage="0% (0/2)">
							<conditions>
								<condition number="0" type="jump" coverage="0%"/>
							</conditions>
						</line>
						<line number="175" hits="0" branch="false"/>
						<line number="179" hits="0" branch="false"/>
						<line number="183" hits="0" branch="false"/>
						<line number="188" hits="2627" branch="false"/>
						<line number="189" hits="2627" branch="false"/>
						<line number="190" hits="2627" branch="false"/>
						<line number="191" hits="2627" branch="true" condition-coverage="50% (1/2)">
							<conditions>
								<condition number="0" type="jump" coverage="50%"/>
							</conditions>
						</line>
						<line number="192" hits="2627" branch="true" condition-coverage="50% (1/2)">
							<conditions>
								<condition number="0" type="jump" coverage="50%"/>
							</conditions>
						</line>
						<line number="193" hits="2627" branch="false"/>
						<line number="195" hits="0" branch="false"/>
						<line number="196" hits="0" branch="false"/>
						<line number="199" hits="0" branch="true" condition-coverage="0% (0/4)">
							<conditions>
								<condition number="0" type="jump" coverage="0%"/>
								<condition number="1" type="jump" coverage="0%"/>
							</conditions>
						</line>
						<line number="200" hits="0" branch="false"/>
						<line number="204" hits="2627" branch="true" condition-coverage="50% (1/2)">
							<conditions>
								<condition number="0" type="jump" coverage="50%"/>
							</conditions>
						</line>
						<line number="205" hits="0" branch="false"/>
						<line number="207" hits="2627" branch="false"/>
						<line number="217" hits="2627" branch="false"/>
						<line number="218" hits="0" branch="false"/>
						<line number="219" hits="0" branch="false"/>
						<line number="220" hits="0" branch="false"/>
						<line number="221" hits="2627" branch="false"/>
						<line number="222" hits="2627" branch="false"/>
					</lines>
				</class>
				<class name="me.prettyprint.cassandra.connection.HConnectionManager" filename="me/prettyprint/cassandra/connection/HConnectionManager.java" line-rate="0.5070422535211268" branch-rate="0.38333333333333336" complexity="3.933333333333333">
					<methods>
						<method name="&lt;clinit&gt;" signature="()V" line-rate="1.0" branch-rate="1.0">
							<lines>
								<line number="38" hits="12" branch="false"/>
								<line number="39" hits="12" branch="false"/>
							</lines>
						</method>
						<method name="&lt;init&gt;" signature="(Lme/prettyprint/cassandra/service/CassandraHostConfigurator;)V" line-rate="0.7368421052631579" branch-rate="0.5">
							<lines>
								<line number="53" hits="56" branch="false"/>
								<line number="54" hits="56" branch="false"/>
								<line number="55" hits="56" branch="false"/>
								<line number="56" hits="56" branch="false"/>
								<line number="57" hits="56" branch="true" condition-coverage="50% (1/2)">
									<conditions>
										<condition number="0" type="jump" coverage="50%"/>
									</conditions>
								</line>
								<line number="58" hits="56" branch="false"/>
								<line number="60" hits="112" branch="true" condition-coverage="100% (2/2)">
									<conditions>
										<condition number="0" type="jump" coverage="100%"/>
									</conditions>
								</line>
								<line number="62" hits="56" branch="false"/>
								<line number="63" hits="56" branch="false"/>
								<line number="64" hits="0" branch="false"/>
								<line number="65" hits="0" branch="false"/>
								<line number="66" hits="0" branch="true" condition-coverage="0% (0/2)">
									<conditions>
										<condition number="0" type="jump" coverage="0%"/>
									</conditions>
								</line>
								<line number="67" hits="0" branch="false"/>
								<line number="69" hits="56" branch="false"/>
								<line number="72" hits="56" branch="true" condition-coverage="50% (1/2)">
									<conditions>
										<condition number="0" type="jump" coverage="50%"/>
									</conditions>
								</line>
								<line number="73" hits="0" branch="false"/>
								<line number="75" hits="56" branch="false"/>
								<line number="76" hits="56" branch="false"/>
								<line number="77" hits="56" branch="false"/>
							</lines>
						</method>
						<method name="addCassandraHost" signature="(Lme/prettyprint/cassandra/service/CassandraHost;)Z" line-rate="0.7857142857142857" branch-rate="0.5">
							<lines>
								<line number="86" hits="2" branch="true" condition-coverage="50% (1/2)">
									<conditions>
										<condition number="0" type="jump" coverage="50%"/>
									</conditions>
								</line>
								<line number="87" hits="2" branch="false"/>
								<line number="89" hits="2" branch="false"/>
								<line number="90" hits="1" branch="false"/>
								<line number="91" hits="1" branch="false"/>
								<line number="92" hits="1" branch="false"/>
								<line number="93" hits="1" branch="false"/>
								<line number="94" hits="1" branch="false"/>
								<line number="95" hits="0" branch="false"/>
								<line number="96" hits="0" branch="false"/>
								<line number="97" hits="1" branch="false"/>
								<line number="98" hits="1" branch="false"/>
								<line number="99" hits="0" branch="false"/>
								<line number="101" hits="1" branch="false"/>
							</lines>
						</method>
						<method name="borrowClient" signature="()Lme/prettyprint/cassandra/connection/HThriftClient;" line-rate="0.0" branch-rate="1.0">
							<lines>
								<line number="247" hits="0" branch="false"/>
							</lines>
						</method>
						<method name="createClock" signature="()J" line-rate="1.0" branch-rate="1.0">
							<lines>
								<line number="270" hits="2008" branch="false"/>
							</lines>
						</method>
						<method name="getActivePools" signature="()Ljava/util/Collection;" line-rate="1.0" branch-rate="1.0">
							<lines>
								<line number="266" hits="2" branch="false"/>
							</lines>
						</method>
						<method name="getClientFromLBPolicy" signature="(Ljava/util/Set;)Lme/prettyprint/cassandra/connection/HThriftClient;" line-rate="0.5714285714285714" branch-rate="0.5">
							<lines>
								<line number="224" hits="2626" branch="true" condition-coverage="50% (1/2)">
									<conditions>
										<condition number="0" type="jump" coverage="50%"/>
									</conditions>
								</line>
								<line number="225" hits="0" branch="false"/>
								<line number="228" hits="2626" branch="false"/>
								<line number="229" hits="0" branch="false"/>
								<line number="230" hits="0" branch="false"/>
								<line number="231" hits="2626" branch="false"/>
								<line number="232" hits="2626" branch="false"/>
							</lines>
						</method>
						<method name="getDownedHosts" signature="()Ljava/util/Set;" line-rate="0.0" branch-rate="1.0">
							<lines>
								<line number="262" hits="0" branch="false"/>
							</lines>
						</method>
						<method name="getHosts" signature="()Ljava/util/Set;" line-rate="1.0" branch-rate="1.0">
							<lines>
								<line number="125" hits="3" branch="false"/>
							</lines>
						</method>
						<method name="getStatusPerPool" signature="()Ljava/util/List;" line-rate="0.0" branch-rate="0.0">
							<lines>
								<line number="129" hits="0" branch="false"/>
								<line number="130" hits="0" branch="true" condition-coverage="0% (0/2)">
									<conditions>
										<condition number="0" type="jump" coverage="0%"/>
									</conditions>
								</line>
								<line number="131" hits="0" branch="false"/>
								<line number="133" hits="0" branch="false"/>
							</lines>
						</method>
						<method name="markHostAsDown" signature="(Lme/prettyprint/cassandra/connection/HThriftClient;)V" line-rate="0.0" branch-rate="0.0">
							<lines>
								<line number="251" hits="0" branch="false"/>
								<line number="252" hits="0" branch="false"/>
								<line number="253" hits="0" branch="true" condition-coverage="0% (0/2)">
									<conditions>
										<condition number="0" type="jump" coverage="0%"/>
									</conditions>
								</line>
								<line number="254" hits="0" branch="false"/>
								<line number="255" hits="0" branch="false"/>
								<line number="256" hits="0" branch="false"/>
								<line number="258" hits="0" branch="false"/>
								<line number="259" hits="0" branch="false"/>
							</lines>
						</method>
						<method name="operateWithFailover" signature="(Lme/prettyprint/cassandra/service/Operation;)V" line-rate="0.5416666666666666" branch-rate="0.5">
							<lines>
								<line number="138" hits="2626" branch="false"/>
								<line number="139" hits="2626" branch="false"/>
								<line number="140" hits="2626" branch="false"/>
								<line number="141" hits="2626" branch="false"/>
								<line number="142" hits="2626" branch="false"/>
								<line number="143" hits="2626" branch="false"/>
								<line number="145" hits="2626" branch="true" condition-coverage="50% (1/2)">
									<conditions>
										<condition number="0" type="jump" coverage="50%"/>
									</conditions>
								</line>
								<line number="148" hits="2626" branch="false"/>
								<line number="149" hits="2626" branch="false"/>
								<line number="151" hits="2626" branch="true" condition-coverage="100% (2/2)">
									<conditions>
										<condition number="0" type="jump" coverage="100%"/>
									</conditions>
								</line>
								<line number="152" hits="408" branch="false"/>
								<line number="155" hits="2624" branch="false"/>
								<line number="156" hits="2624" branch="false"/>
								<line number="157" hits="2624" branch="false"/>
								<line number="160" hits="2" branch="false"/>
								<line number="161" hits="2" branch="false"/>
								<line number="162" hits="2" branch="true" condition-coverage="50% (2/4)">
									<conditions>
										<condition number="0" type="jump" coverage="50%"/>
										<condition number="1" type="jump" coverage="50%"/>
									</conditions>
								</line>
								<line number="163" hits="0" branch="false"/>
								<line number="164" hits="2" branch="true" condition-coverage="50% (2/4)">
									<conditions>
										<condition number="0" type="jump" coverage="50%"/>
										<condition number="1" type="jump" coverage="50%"/>
									</conditions>
								</line>
								<line number="165" hits="0" branch="false"/>
								<line number="166" hits="0" branch="false"/>
								<line number="167" hits="0" branch="false"/>
								<line number="168" hits="0" branch="false"/>
								<line number="169" hits="0" branch="false"/>
								<line number="170" hits="0" branch="true" condition-coverage="0% (0/2)">
									<conditions>
										<condition number="0" type="jump" coverage="0%"/>
									</conditions>
								</line>
								<line number="171" hits="0" branch="false"/>
								<line number="173" hits="2" branch="true" condition-coverage="50% (1/2)">
									<conditions>
										<condition number="0" type="jump" coverage="50%"/>
									</conditions>
								</line>
								<line number="175" hits="0" branch="false"/>
								<line number="176" hits="0" branch="false"/>
								<line number="177" hits="0" branch="false"/>
								<line number="180" hits="2" branch="true" condition-coverage="50% (1/2)">
									<conditions>
										<condition number="0" type="jump" coverage="50%"/>
									</conditions>
								</line>
								<line number="181" hits="0" branch="false"/>
								<line number="182" hits="0" branch="false"/>
								<line number="183" hits="0" branch="true" condition-coverage="0% (0/2)">
									<conditions>
										<condition number="0" type="jump" coverage="0%"/>
									</conditions>
								</line>
								<line number="184" hits="0" branch="false"/>
								<line number="186" hits="0" branch="false"/>
								<line number="187" hits="0" branch="false"/>
								<line number="189" hits="2" branch="true" condition-coverage="50% (2/4)">
									<conditions>
										<condition number="0" type="jump" coverage="50%"/>
										<condition number="1" type="jump" coverage="50%"/>
									</conditions>
								</line>
								<line number="190" hits="0" branch="false"/>
								<line number="191" hits="0" branch="false"/>
								<line number="192" hits="0" branch="false"/>
								<line number="193" hits="0" branch="false"/>
								<line number="195" hits="2626" branch="true" condition-coverage="100% (2/2)">
									<conditions>
										<condition number="0" type="jump" coverage="100%"/>
									</conditions>
								</line>
								<line number="196" hits="2" branch="false"/>
								<line number="197" hits="2" branch="false"/>
								<line number="199" hits="2626" branch="false"/>
								<line number="200" hits="0" branch="false"/>
								<line number="202" hits="2624" branch="false"/>
							</lines>
						</method>
						<method name="releaseClient" signature="(Lme/prettyprint/cassandra/connection/HThriftClient;)V" line-rate="0.7142857142857143" branch-rate="0.5">
							<lines>
								<line number="236" hits="2626" branch="true" condition-coverage="50% (1/2)">
									<conditions>
										<condition number="0" type="jump" coverage="50%"/>
									</conditions>
								</line>
								<line number="237" hits="2626" branch="false"/>
								<line number="238" hits="2626" branch="true" condition-coverage="50% (1/2)">
									<conditions>
										<condition number="0" type="jump" coverage="50%"/>
									</conditions>
								</line>
								<line number="239" hits="2626" branch="false"/>
								<line number="241" hits="0" branch="false"/>
								<line number="242" hits="0" branch="false"/>
								<line number="244" hits="2626" branch="false"/>
							</lines>
						</method>
						<method name="removeCassandraHost" signature="(Lme/prettyprint/cassandra/service/CassandraHost;)V" line-rate="0.7777777777777778" branch-rate="0.5">
							<lines>
								<line number="111" hits="1" branch="false"/>
								<line number="112" hits="1" branch="true" condition-coverage="50% (1/2)">
									<conditions>
										<condition number="0" type="jump" coverage="50%"/>
									</conditions>
								</line>
								<line number="113" hits="1" branch="false"/>
								<line number="114" hits="1" branch="true" condition-coverage="50% (1/2)">
									<conditions>
										<condition number="0" type="jump" coverage="50%"/>
									</conditions>
								</line>
								<line number="115" hits="1" branch="false"/>
								<line number="117" hits="0" branch="false"/>
								<line number="118" hits="0" branch="false"/>
								<line number="121" hits="1" branch="false"/>
								<line number="122" hits="1" branch="false"/>
							</lines>
						</method>
						<method name="shutdown" signature="()V" line-rate="0.0" branch-rate="0.0">
							<lines>
								<line number="274" hits="0" branch="false"/>
								<line number="275" hits="0" branch="true" condition-coverage="0% (0/2)">
									<conditions>
										<condition number="0" type="jump" coverage="0%"/>
									</conditions>
								</line>
								<line number="276" hits="0" branch="false"/>
								<line number="277" hits="0" branch="true" condition-coverage="0% (0/2)">
									<conditions>
										<condition number="0" type="jump" coverage="0%"/>
									</conditions>
								</line>
								<line number="278" hits="0" branch="false"/>
								<line number="280" hits="0" branch="true" condition-coverage="0% (0/2)">
									<conditions>
										<condition number="0" type="jump" coverage="0%"/>
									</conditions>
								</line>
								<line number="282" hits="0" branch="false"/>
								<line number="283" hits="0" branch="false"/>
								<line number="284" hits="0" branch="false"/>
								<line number="285" hits="0" branch="false"/>
								<line number="287" hits="0" branch="false"/>
							</lines>
						</method>
						<method name="sleepBetweenHostSkips" signature="(Lme/prettyprint/cassandra/service/FailoverPolicy;)V" line-rate="0.0" branch-rate="0.0">
							<lines>
								<line number="210" hits="0" branch="true" condition-coverage="0% (0/2)">
									<conditions>
										<condition number="0" type="jump" coverage="0%"/>
									</conditions>
								</line>
								<line number="211" hits="0" branch="true" condition-coverage="0% (0/2)">
									<conditions>
										<condition number="0" type="jump" coverage="0%"/>
									</conditions>
								</line>
								<line number="212" hits="0" branch="false"/>
								<line number="215" hits="0" branch="false"/>
								<line number="216" hits="0" branch="false"/>
								<line number="217" hits="0" branch="false"/>
								<line number="218" hits="0" branch="false"/>
								<line number="220" hits="0" branch="false"/>
							</lines>
						</method>
					</methods>
					<lines>
						<line number="38" hits="12" branch="false"/>
						<line number="39" hits="12" branch="false"/>
						<line number="53" hits="56" branch="false"/>
						<line number="54" hits="56" branch="false"/>
						<line number="55" hits="56" branch="false"/>
						<line number="56" hits="56" branch="false"/>
						<line number="57" hits="56" branch="true" condition-coverage="50% (1/2)">
							<conditions>
								<condition number="0" type="jump" coverage="50%"/>
							</conditions>
						</line>
						<line number="58" hits="56" branch="false"/>
						<line number="60" hits="112" branch="true" condition-coverage="100% (2/2)">
							<conditions>
								<condition number="0" type="jump" coverage="100%"/>
							</conditions>
						</line>
						<line number="62" hits="56" branch="false"/>
						<line number="63" hits="56" branch="false"/>
						<line number="64" hits="0" branch="false"/>
						<line number="65" hits="0" branch="false"/>
						<line number="66" hits="0" branch="true" condition-coverage="0% (0/2)">
							<conditions>
								<condition number="0" type="jump" coverage="0%"/>
							</conditions>
						</line>
						<line number="67" hits="0" branch="false"/>
						<line number="69" hits="56" branch="false"/>
						<line number="72" hits="56" branch="true" condition-coverage="50% (1/2)">
							<conditions>
								<condition number="0" type="jump" coverage="50%"/>
							</conditions>
						</line>
						<line number="73" hits="0" branch="false"/>
						<line number="75" hits="56" branch="false"/>
						<line number="76" hits="56" branch="false"/>
						<line number="77" hits="56" branch="false"/>
						<line number="86" hits="2" branch="true" condition-coverage="50% (1/2)">
							<conditions>
								<condition number="0" type="jump" coverage="50%"/>
							</conditions>
						</line>
						<line number="87" hits="2" branch="false"/>
						<line number="89" hits="2" branch="false"/>
						<line number="90" hits="1" branch="false"/>
						<line number="91" hits="1" branch="false"/>
						<line number="92" hits="1" branch="false"/>
						<line number="93" hits="1" branch="false"/>
						<line number="94" hits="1" branch="false"/>
						<line number="95" hits="0" branch="false"/>
						<line number="96" hits="0" branch="false"/>
						<line number="97" hits="1" branch="false"/>
						<line number="98" hits="1" branch="false"/>
						<line number="99" hits="0" branch="false"/>
						<line number="101" hits="1" branch="false"/>
						<line number="111" hits="1" branch="false"/>
						<line number="112" hits="1" branch="true" condition-coverage="50% (1/2)">
							<conditions>
								<condition number="0" type="jump" coverage="50%"/>
							</conditions>
						</line>
						<line number="113" hits="1" branch="false"/>
						<line number="114" hits="1" branch="true" condition-coverage="50% (1/2)">
							<conditions>
								<condition number="0" type="jump" coverage="50%"/>
							</conditions>
						</line>
						<line number="115" hits="1" branch="false"/>
						<line number="117" hits="0" branch="false"/>
						<line number="118" hits="0" branch="false"/>
						<line number="121" hits="1" branch="false"/>
						<line number="122" hits="1" branch="false"/>
						<line number="125" hits="3" branch="false"/>
						<line number="129" hits="0" branch="false"/>
						<line number="130" hits="0" branch="true" condition-coverage="0% (0/2)">
							<conditions>
								<condition number="0" type="jump" coverage="0%"/>
							</conditions>
						</line>
						<line number="131" hits="0" branch="false"/>
						<line number="133" hits="0" branch="false"/>
						<line number="138" hits="2626" branch="false"/>
						<line number="139" hits="2626" branch="false"/>
						<line number="140" hits="2626" branch="false"/>
						<line number="141" hits="2626" branch="false"/>
						<line number="142" hits="2626" branch="false"/>
						<line number="143" hits="2626" branch="false"/>
						<line number="145" hits="2626" branch="true" condition-coverage="50% (1/2)">
							<conditions>
								<condition number="0" type="jump" coverage="50%"/>
							</conditions>
						</line>
						<line number="148" hits="2626" branch="false"/>
						<line number="149" hits="2626" branch="false"/>
						<line number="151" hits="2626" branch="true" condition-coverage="100% (2/2)">
							<conditions>
								<condition number="0" type="jump" coverage="100%"/>
							</conditions>
						</line>
						<line number="152" hits="408" branch="false"/>
						<line number="155" hits="2624" branch="false"/>
						<line number="156" hits="2624" branch="false"/>
						<line number="157" hits="2624" branch="false"/>
						<line number="160" hits="2" branch="false"/>
						<line number="161" hits="2" branch="false"/>
						<line number="162" hits="2" branch="true" condition-coverage="50% (2/4)">
							<conditions>
								<condition number="0" type="jump" coverage="50%"/>
								<condition number="1" type="jump" coverage="50%"/>
							</conditions>
						</line>
						<line number="163" hits="0" branch="false"/>
						<line number="164" hits="2" branch="true" condition-coverage="50% (2/4)">
							<conditions>
								<condition number="0" type="jump" coverage="50%"/>
								<condition number="1" type="jump" coverage="50%"/>
							</conditions>
						</line>
						<line number="165" hits="0" branch="false"/>
						<line number="166" hits="0" branch="false"/>
						<line number="167" hits="0" branch="false"/>
						<line number="168" hits="0" branch="false"/>
						<line number="169" hits="0" branch="false"/>
						<line number="170" hits="0" branch="true" condition-coverage="0% (0/2)">
							<conditions>
								<condition number="0" type="jump" coverage="0%"/>
							</conditions>
						</line>
						<line number="171" hits="0" branch="false"/>
						<line number="173" hits="2" branch="true" condition-coverage="50% (1/2)">
							<conditions>
								<condition number="0" type="jump" coverage="50%"/>
							</conditions>
						</line>
						<line number="175" hits="0" branch="false"/>
						<line number="176" hits="0" branch="false"/>
						<line number="177" hits="0" branch="false"/>
						<line number="180" hits="2" branch="true" condition-coverage="50% (1/2)">
							<conditions>
								<condition number="0" type="jump" coverage="50%"/>
							</conditions>
						</line>
						<line number="181" hits="0" branch="false"/>
						<line number="182" hits="0" branch="false"/>
						<line number="183" hits="0" branch="true" condition-coverage="0% (0/2)">
							<conditions>
								<condition number="0" type="jump" coverage="0%"/>
							</conditions>
						</line>
						<line number="184" hits="0" branch="false"/>
						<line number="186" hits="0" branch="false"/>
						<line number="187" hits="0" branch="false"/>
						<line number="189" hits="2" branch="true" condition-coverage="50% (2/4)">
							<conditions>
								<condition number="0" type="jump" coverage="50%"/>
								<condition number="1" type="jump" coverage="50%"/>
							</conditions>
						</line>
						<line number="190" hits="0" branch="false"/>
						<line number="191" hits="0" branch="false"/>
						<line number="192" hits="0" branch="false"/>
						<line number="193" hits="0" branch="false"/>
						<line number="195" hits="2626" branch="true" condition-coverage="100% (2/2)">
							<conditions>
								<condition number="0" type="jump" coverage="100%"/>
							</conditions>
						</line>
						<line number="196" hits="2" branch="false"/>
						<line number="197" hits="2" branch="false"/>
						<line number="199" hits="2626" branch="false"/>
						<line number="200" hits="0" branch="false"/>
						<line number="202" hits="2624" branch="false"/>
						<line number="210" hits="0" branch="true" condition-coverage="0% (0/2)">
							<conditions>
								<condition number="0" type="jump" coverage="0%"/>
							</conditions>
						</line>
						<line number="211" hits="0" branch="true" condition-coverage="0% (0/2)">
							<conditions>
								<condition number="0" type="jump" coverage="0%"/>
							</conditions>
						</line>
						<line number="212" hits="0" branch="false"/>
						<line number="215" hits="0" branch="false"/>
						<line number="216" hits="0" branch="false"/>
						<line number="217" hits="0" branch="false"/>
						<line number="218" hits="0" branch="false"/>
						<line number="220" hits="0" branch="false"/>
						<line number="224" hits="2626" branch="true" condition-coverage="50% (1/2)">
							<conditions>
								<condition number="0" type="jump" coverage="50%"/>
							</conditions>
						</line>
						<line number="225" hits="0" branch="false"/>
						<line number="228" hits="2626" branch="false"/>
						<line number="229" hits="0" branch="false"/>
						<line number="230" hits="0" branch="false"/>
						<line number="231" hits="2626" branch="false"/>
						<line number="232" hits="2626" branch="false"/>
						<line number="236" hits="2626" branch="true" condition-coverage="50% (1/2)">
							<conditions>
								<condition number="0" type="jump" coverage="50%"/>
							</conditions>
						</line>
						<line number="237" hits="2626" branch="false"/>
						<line number="238" hits="2626" branch="true" condition-coverage="50% (1/2)">
							<conditions>
								<condition number="0" type="jump" coverage="50%"/>
							</conditions>
						</line>
						<line number="239" hits="2626" branch="false"/>
						<line number="241" hits="0" branch="false"/>
						<line number="242" hits="0" branch="false"/>
						<line number="244" hits="2626" branch="false"/>
						<line number="247" hits="0" branch="false"/>
						<line number="251" hits="0" branch="false"/>
						<line number="252" hits="0" branch="false"/>
						<line number="253" hits="0" branch="true" condition-coverage="0% (0/2)">
							<conditions>
								<condition number="0" type="jump" coverage="0%"/>
							</conditions>
						</line>
						<line number="254" hits="0" branch="false"/>
						<line number="255" hits="0" branch="false"/>
						<line number="256" hits="0" branch="false"/>
						<line number="258" hits="0" branch="false"/>
						<line number="259" hits="0" branch="false"/>
						<line number="262" hits="0" branch="false"/>
						<line number="266" hits="2" branch="false"/>
						<line number="270" hits="2008" branch="false"/>
						<line number="274" hits="0" branch="false"/>
						<line number="275" hits="0" branch="true" condition-coverage="0% (0/2)">
							<conditions>
								<condition number="0" type="jump" coverage="0%"/>
							</conditions>
						</line>
						<line number="276" hits="0" branch="false"/>
						<line number="277" hits="0" branch="true" condition-coverage="0% (0/2)">
							<conditions>
								<condition number="0" type="jump" coverage="0%"/>
							</conditions>
						</line>
						<line number="278" hits="0" branch="false"/>
						<line number="280" hits="0" branch="true" condition-coverage="0% (0/2)">
							<conditions>
								<condition number="0" type="jump" coverage="0%"/>
							</conditions>
						</line>
						<line number="282" hits="0" branch="false"/>
						<line number="283" hits="0" branch="false"/>
						<line number="284" hits="0" branch="false"/>
						<line number="285" hits="0" branch="false"/>
						<line number="287" hits="0" branch="false"/>
					</lines>
				</class>
				<class name="me.prettyprint.cassandra.connection.HThriftClient" filename="me/prettyprint/cassandra/connection/HThriftClient.java" line-rate="0.6764705882352942" branch-rate="0.6333333333333333" complexity="3.888888888888889">
					<methods>
						<method name="&lt;clinit&gt;" signature="()V" line-rate="1.0" branch-rate="1.0">
							<lines>
								<line number="25" hits="13" branch="false"/>
								<line number="27" hits="13" branch="false"/>
							</lines>
						</method>
						<method name="&lt;init&gt;" signature="(Lme/prettyprint/cassandra/service/CassandraHost;)V" line-rate="1.0" branch-rate="1.0">
							<lines>
								<line number="38" hits="964" branch="false"/>
								<line number="39" hits="964" branch="false"/>
								<line number="40" hits="964" branch="false"/>
								<line number="41" hits="964" branch="false"/>
								<line number="42" hits="964" branch="false"/>
							</lines>
						</method>
						<method name="close" signature="()Lme/prettyprint/cassandra/connection/HThriftClient;" line-rate="0.46153846153846156" branch-rate="0.5">
							<lines>
								<line number="76" hits="33" branch="true" condition-coverage="50% (1/2)">
									<conditions>
										<condition number="0" type="jump" coverage="50%"/>
									</conditions>
								</line>
								<line number="77" hits="0" branch="false"/>
								<line number="79" hits="33" branch="true" condition-coverage="50% (1/2)">
									<conditions>
										<condition number="0" type="jump" coverage="50%"/>
									</conditions>
								</line>
								<line number="81" hits="33" branch="false"/>
								<line number="82" hits="0" branch="false"/>
								<line number="83" hits="0" branch="false"/>
								<line number="85" hits="0" branch="false"/>
								<line number="86" hits="33" branch="false"/>
								<line number="87" hits="0" branch="false"/>
								<line number="88" hits="0" branch="false"/>
								<line number="89" hits="33" branch="false"/>
								<line number="90" hits="0" branch="false"/>
								<line number="92" hits="33" branch="false"/>
							</lines>
						</method>
						<method name="equals" signature="(Ljava/lang/Object;)Z" line-rate="0.0" branch-rate="1.0">
							<lines>
								<line number="170" hits="0" branch="false"/>
							</lines>
						</method>
						<method name="getCassandra" signature="()Lorg/apache/cassandra/thrift/Cassandra$Client;" line-rate="1.0" branch-rate="1.0">
							<lines>
								<line number="49" hits="2627" branch="true" condition-coverage="100% (2/2)">
									<conditions>
										<condition number="0" type="jump" coverage="100%"/>
									</conditions>
								</line>
								<line number="50" hits="1" branch="false"/>
								<line number="52" hits="2626" branch="true" condition-coverage="100% (2/2)">
									<conditions>
										<condition number="0" type="jump" coverage="100%"/>
									</conditions>
								</line>
								<line number="53" hits="330" branch="false"/>
								<line number="55" hits="2626" branch="false"/>
							</lines>
						</method>
						<method name="getCassandra" signature="(Ljava/lang/String;)Lorg/apache/cassandra/thrift/Cassandra$Client;" line-rate="0.5833333333333334" branch-rate="0.75">
							<lines>
								<line number="59" hits="2626" branch="false"/>
								<line number="60" hits="2626" branch="true" condition-coverage="100% (2/2)">
									<conditions>
										<condition number="0" type="jump" coverage="100%"/>
									</conditions>
								</line>
								<line number="61" hits="310" branch="false"/>
								<line number="63" hits="310" branch="false"/>
								<line number="64" hits="310" branch="true" condition-coverage="50% (1/2)">
									<conditions>
										<condition number="0" type="jump" coverage="50%"/>
									</conditions>
								</line>
								<line number="65" hits="0" branch="false"/>
								<line number="66" hits="0" branch="false"/>
								<line number="67" hits="0" branch="false"/>
								<line number="68" hits="0" branch="false"/>
								<line number="69" hits="0" branch="false"/>
								<line number="70" hits="310" branch="false"/>
								<line number="72" hits="2626" branch="false"/>
							</lines>
						</method>
						<method name="getTimeout" signature="(Lme/prettyprint/cassandra/service/CassandraHost;)I" line-rate="0.5" branch-rate="0.375">
							<lines>
								<line number="142" hits="964" branch="false"/>
								<line number="143" hits="964" branch="true" condition-coverage="50% (2/4)">
									<conditions>
										<condition number="0" type="jump" coverage="50%"/>
										<condition number="1" type="jump" coverage="50%"/>
									</conditions>
								</line>
								<line number="144" hits="0" branch="false"/>
								<line number="146" hits="964" branch="false"/>
								<line number="148" hits="964" branch="true" condition-coverage="25% (1/4)">
									<conditions>
										<condition number="0" type="jump" coverage="50%"/>
										<condition number="1" type="jump" coverage="0%"/>
									</conditions>
								</line>
								<line number="150" hits="0" branch="false"/>
								<line number="151" hits="0" branch="false"/>
								<line number="152" hits="0" branch="false"/>
								<line number="153" hits="0" branch="false"/>
								<line number="156" hits="964" branch="false"/>
							</lines>
						</method>
						<method name="isOpen" signature="()Z" line-rate="0.8333333333333334" branch-rate="0.75">
							<lines>
								<line number="124" hits="6253" branch="false"/>
								<line number="125" hits="6253" branch="true" condition-coverage="100% (2/2)">
									<conditions>
										<condition number="0" type="jump" coverage="100%"/>
									</conditions>
								</line>
								<line number="126" hits="5289" branch="false"/>
								<line number="128" hits="6253" branch="true" condition-coverage="50% (1/2)">
									<conditions>
										<condition number="0" type="jump" coverage="50%"/>
									</conditions>
								</line>
								<line number="129" hits="0" branch="false"/>
								<line number="131" hits="6253" branch="false"/>
							</lines>
						</method>
						<method name="open" signature="()Lme/prettyprint/cassandra/connection/HThriftClient;" line-rate="0.8461538461538461" branch-rate="0.6666666666666666">
							<lines>
								<line number="97" hits="964" branch="true" condition-coverage="100% (2/2)">
									<conditions>
										<condition number="0" type="jump" coverage="100%"/>
									</conditions>
								</line>
								<line number="98" hits="1" branch="false"/>
								<line number="100" hits="963" branch="true" condition-coverage="50% (1/2)">
									<conditions>
										<condition number="0" type="jump" coverage="50%"/>
									</conditions>
								</line>
								<line number="101" hits="0" branch="false"/>
								<line number="104" hits="963" branch="true" condition-coverage="50% (1/2)">
									<conditions>
										<condition number="0" type="jump" coverage="50%"/>
									</conditions>
								</line>
								<line number="105" hits="963" branch="false"/>
								<line number="107" hits="0" branch="false"/>
								<line number="110" hits="963" branch="false"/>
								<line number="111" hits="1" branch="false"/>
								<line number="114" hits="1" branch="false"/>
								<line number="116" hits="1" branch="false"/>
								<line number="118" hits="962" branch="false"/>
								<line number="119" hits="962" branch="false"/>
							</lines>
						</method>
						<method name="toString" signature="()Ljava/lang/String;" line-rate="0.0" branch-rate="1.0">
							<lines>
								<line number="162" hits="0" branch="false"/>
							</lines>
						</method>
					</methods>
					<lines>
						<line number="25" hits="13" branch="false"/>
						<line number="27" hits="13" branch="false"/>
						<line number="38" hits="964" branch="false"/>
						<line number="39" hits="964" branch="false"/>
						<line number="40" hits="964" branch="false"/>
						<line number="41" hits="964" branch="false"/>
						<line number="42" hits="964" branch="false"/>
						<line number="49" hits="2627" branch="true" condition-coverage="100% (2/2)">
							<conditions>
								<condition number="0" type="jump" coverage="100%"/>
							</conditions>
						</line>
						<line number="50" hits="1" branch="false"/>
						<line number="52" hits="2626" branch="true" condition-coverage="100% (2/2)">
							<conditions>
								<condition number="0" type="jump" coverage="100%"/>
							</conditions>
						</line>
						<line number="53" hits="330" branch="false"/>
						<line number="55" hits="2626" branch="false"/>
						<line number="59" hits="2626" branch="false"/>
						<line number="60" hits="2626" branch="true" condition-coverage="100% (2/2)">
							<conditions>
								<condition number="0" type="jump" coverage="100%"/>
							</conditions>
						</line>
						<line number="61" hits="310" branch="false"/>
						<line number="63" hits="310" branch="false"/>
						<line number="64" hits="310" branch="true" condition-coverage="50% (1/2)">
							<conditions>
								<condition number="0" type="jump" coverage="50%"/>
							</conditions>
						</line>
						<line number="65" hits="0" branch="false"/>
						<line number="66" hits="0" branch="false"/>
						<line number="67" hits="0" branch="false"/>
						<line number="68" hits="0" branch="false"/>
						<line number="69" hits="0" branch="false"/>
						<line number="70" hits="310" branch="false"/>
						<line number="72" hits="2626" branch="false"/>
						<line number="76" hits="33" branch="true" condition-coverage="50% (1/2)">
							<conditions>
								<condition number="0" type="jump" coverage="50%"/>
							</conditions>
						</line>
						<line number="77" hits="0" branch="false"/>
						<line number="79" hits="33" branch="true" condition-coverage="50% (1/2)">
							<conditions>
								<condition number="0" type="jump" coverage="50%"/>
							</conditions>
						</line>
						<line number="81" hits="33" branch="false"/>
						<line number="82" hits="0" branch="false"/>
						<line number="83" hits="0" branch="false"/>
						<line number="85" hits="0" branch="false"/>
						<line number="86" hits="33" branch="false"/>
						<line number="87" hits="0" branch="false"/>
						<line number="88" hits="0" branch="false"/>
						<line number="89" hits="33" branch="false"/>
						<line number="90" hits="0" branch="false"/>
						<line number="92" hits="33" branch="false"/>
						<line number="97" hits="964" branch="true" condition-coverage="100% (2/2)">
							<conditions>
								<condition number="0" type="jump" coverage="100%"/>
							</conditions>
						</line>
						<line number="98" hits="1" branch="false"/>
						<line number="100" hits="963" branch="true" condition-coverage="50% (1/2)">
							<conditions>
								<condition number="0" type="jump" coverage="50%"/>
							</conditions>
						</line>
						<line number="101" hits="0" branch="false"/>
						<line number="104" hits="963" branch="true" condition-coverage="50% (1/2)">
							<conditions>
								<condition number="0" type="jump" coverage="50%"/>
							</conditions>
						</line>
						<line number="105" hits="963" branch="false"/>
						<line number="107" hits="0" branch="false"/>
						<line number="110" hits="963" branch="false"/>
						<line number="111" hits="1" branch="false"/>
						<line number="114" hits="1" branch="false"/>
						<line number="116" hits="1" branch="false"/>
						<line number="118" hits="962" branch="false"/>
						<line number="119" hits="962" branch="false"/>
						<line number="124" hits="6253" branch="false"/>
						<line number="125" hits="6253" branch="true" condition-coverage="100% (2/2)">
							<conditions>
								<condition number="0" type="jump" coverage="100%"/>
							</conditions>
						</line>
						<line number="126" hits="5289" branch="false"/>
						<line number="128" hits="6253" branch="true" condition-coverage="50% (1/2)">
							<conditions>
								<condition number="0" type="jump" coverage="50%"/>
							</conditions>
						</line>
						<line number="129" hits="0" branch="false"/>
						<line number="131" hits="6253" branch="false"/>
						<line number="142" hits="964" branch="false"/>
						<line number="143" hits="964" branch="true" condition-coverage="50% (2/4)">
							<conditions>
								<condition number="0" type="jump" coverage="50%"/>
								<condition number="1" type="jump" coverage="50%"/>
							</conditions>
						</line>
						<line number="144" hits="0" branch="false"/>
						<line number="146" hits="964" branch="false"/>
						<line number="148" hits="964" branch="true" condition-coverage="25% (1/4)">
							<conditions>
								<condition number="0" type="jump" coverage="50%"/>
								<condition number="1" type="jump" coverage="0%"/>
							</conditions>
						</line>
						<line number="150" hits="0" branch="false"/>
						<line number="151" hits="0" branch="false"/>
						<line number="152" hits="0" branch="false"/>
						<line number="153" hits="0" branch="false"/>
						<line number="156" hits="964" branch="false"/>
						<line number="162" hits="0" branch="false"/>
						<line number="170" hits="0" branch="false"/>
					</lines>
				</class>
				<class name="me.prettyprint.cassandra.connection.LeastActiveBalancingPolicy" filename="me/prettyprint/cassandra/connection/LeastActiveBalancingPolicy.java" line-rate="1.0" branch-rate="0.625" complexity="5.0">
					<methods>
						<method name="&lt;init&gt;" signature="()V" line-rate="1.0" branch-rate="1.0">
							<lines>
								<line number="13" hits="2" branch="false"/>
							</lines>
						</method>
						<method name="getPool" signature="(Ljava/util/Collection;Ljava/util/Set;)Lme/prettyprint/cassandra/connection/ConcurrentHClientPool;" line-rate="1.0" branch-rate="0.625">
							<lines>
								<line number="17" hits="2" branch="false"/>
								<line number="18" hits="2" branch="false"/>
								<line number="28" hits="2" branch="false"/>
								<line number="29" hits="2" branch="false"/>
								<line number="30" hits="2" branch="true" condition-coverage="75% (3/4)">
									<conditions>
										<condition number="0" type="jump" coverage="100%"/>
										<condition number="1" type="jump" coverage="50%"/>
									</conditions>
								</line>
								<line number="31" hits="1" branch="true" condition-coverage="50% (1/2)">
									<conditions>
										<condition number="0" type="jump" coverage="50%"/>
									</conditions>
								</line>
								<line number="32" hits="1" branch="false"/>
								<line number="33" hits="1" branch="true" condition-coverage="50% (1/2)">
									<conditions>
										<condition number="0" type="jump" coverage="50%"/>
									</conditions>
								</line>
								<line number="34" hits="1" branch="false"/>
								<line number="38" hits="2" branch="false"/>
							</lines>
						</method>
					</methods>
					<lines>
						<line number="13" hits="2" branch="false"/>
						<line number="17" hits="2" branch="false"/>
						<line number="18" hits="2" branch="false"/>
						<line number="28" hits="2" branch="false"/>
						<line number="29" hits="2" branch="false"/>
						<line number="30" hits="2" branch="true" condition-coverage="75% (3/4)">
							<conditions>
								<condition number="0" type="jump" coverage="100%"/>
								<condition number="1" type="jump" coverage="50%"/>
							</conditions>
						</line>
						<line number="31" hits="1" branch="true" condition-coverage="50% (1/2)">
							<conditions>
								<condition number="0" type="jump" coverage="50%"/>
							</conditions>
						</line>
						<line number="32" hits="1" branch="false"/>
						<line number="33" hits="1" branch="true" condition-coverage="50% (1/2)">
							<conditions>
								<condition number="0" type="jump" coverage="50%"/>
							</conditions>
						</line>
						<line number="34" hits="1" branch="false"/>
						<line number="38" hits="2" branch="false"/>
					</lines>
				</class>
				<class name="me.prettyprint.cassandra.connection.LeastActiveBalancingPolicy$1" filename="me/prettyprint/cassandra/connection/LeastActiveBalancingPolicy.java" line-rate="0.5" branch-rate="0.25" complexity="5.0">
					<methods>
						<method name="&lt;init&gt;" signature="(Lme/prettyprint/cassandra/connection/LeastActiveBalancingPolicy;)V" line-rate="1.0" branch-rate="1.0">
							<lines>
							</lines>
						</method>
						<method name="compare" signature="(Ljava/lang/Object;Ljava/lang/Object;)I" line-rate="1.0" branch-rate="1.0">
							<lines>
								<line number="18" hits="6" branch="false"/>
							</lines>
						</method>
						<method name="compare" signature="(Lme/prettyprint/cassandra/connection/ConcurrentHClientPool;Lme/prettyprint/cassandra/connection/ConcurrentHClientPool;)I" line-rate="0.4" branch-rate="0.25">
							<lines>
								<line number="20" hits="4" branch="true" condition-coverage="50% (1/2)">
									<conditions>
										<condition number="0" type="jump" coverage="50%"/>
									</conditions>
								</line>
								<line number="21" hits="4" branch="false"/>
								<line number="22" hits="0" branch="true" condition-coverage="0% (0/2)">
									<conditions>
										<condition number="0" type="jump" coverage="0%"/>
									</conditions>
								</line>
								<line number="23" hits="0" branch="false"/>
								<line number="25" hits="0" branch="false"/>
							</lines>
						</method>
					</methods>
					<lines>
						<line number="18" hits="6" branch="false"/>
						<line number="20" hits="4" branch="true" condition-coverage="50% (1/2)">
							<conditions>
								<condition number="0" type="jump" coverage="50%"/>
							</conditions>
						</line>
						<line number="21" hits="4" branch="false"/>
						<line number="22" hits="0" branch="true" condition-coverage="0% (0/2)">
							<conditions>
								<condition number="0" type="jump" coverage="0%"/>
							</conditions>
						</line>
						<line number="23" hits="0" branch="false"/>
						<line number="25" hits="0" branch="false"/>
					</lines>
				</class>
				<class name="me.prettyprint.cassandra.connection.LoadBalancingPolicy" filename="me/prettyprint/cassandra/connection/LoadBalancingPolicy.java" line-rate="1.0" branch-rate="1.0" complexity="1.0">
					<methods>
					</methods>
					<lines>
					</lines>
				</class>
				<class name="me.prettyprint.cassandra.connection.NodeAutoDiscoverService" filename="me/prettyprint/cassandra/connection/NodeAutoDiscoverService.java" line-rate="0.0" branch-rate="0.0" complexity="3.6">
					<methods>
						<method name="&lt;clinit&gt;" signature="()V" line-rate="0.0" branch-rate="1.0">
							<lines>
								<line number="20" hits="0" branch="false"/>
							</lines>
						</method>
						<method name="&lt;init&gt;" signature="(Lme/prettyprint/cassandra/connection/HConnectionManager;Lme/prettyprint/cassandra/service/CassandraHostConfigurator;)V" line-rate="0.0" branch-rate="1.0">
							<lines>
								<line number="27" hits="0" branch="false"/>
								<line number="28" hits="0" branch="false"/>
								<line number="29" hits="0" branch="false"/>
								<line number="30" hits="0" branch="false"/>
							</lines>
						</method>
						<method name="access$000" signature="()Lorg/slf4j/Logger;" line-rate="0.0" branch-rate="1.0">
							<lines>
								<line number="18" hits="0" branch="false"/>
							</lines>
						</method>
						<method name="applyRetryDelay" signature="()V" line-rate="0.0" branch-rate="1.0">
							<lines>
								<line number="47" hits="0" branch="false"/>
							</lines>
						</method>
						<method name="discoverNodes" signature="()Ljava/util/Set;" line-rate="0.0" branch-rate="0.0">
							<lines>
								<line number="73" hits="0" branch="false"/>
								<line number="74" hits="0" branch="false"/>
								<line number="76" hits="0" branch="false"/>
								<line number="77" hits="0" branch="false"/>
								<line number="79" hits="0" branch="false"/>
								<line number="81" hits="0" branch="true" condition-coverage="0% (0/2)">
									<conditions>
										<condition number="0" type="jump" coverage="0%"/>
									</conditions>
								</line>
								<line number="82" hits="0" branch="true" condition-coverage="0% (0/2)">
									<conditions>
										<condition number="0" type="jump" coverage="0%"/>
									</conditions>
								</line>
								<line number="83" hits="0" branch="false"/>
								<line number="84" hits="0" branch="true" condition-coverage="0% (0/2)">
									<conditions>
										<condition number="0" type="jump" coverage="0%"/>
									</conditions>
								</line>
								<line number="85" hits="0" branch="true" condition-coverage="0% (0/2)">
									<conditions>
										<condition number="0" type="jump" coverage="0%"/>
									</conditions>
								</line>
								<line number="86" hits="0" branch="false"/>
								<line number="87" hits="0" branch="true" condition-coverage="0% (0/2)">
									<conditions>
										<condition number="0" type="jump" coverage="0%"/>
									</conditions>
								</line>
								<line number="88" hits="0" branch="false"/>
								<line number="89" hits="0" branch="false"/>
								<line number="91" hits="0" branch="false"/>
								<line number="93" hits="0" branch="false"/>
								<line number="96" hits="0" branch="false"/>
								<line number="97" hits="0" branch="false"/>
								<line number="99" hits="0" branch="false"/>
								<line number="100" hits="0" branch="false"/>
								<line number="101" hits="0" branch="false"/>
							</lines>
						</method>
						<method name="shutdown" signature="()V" line-rate="0.0" branch-rate="0.0">
							<lines>
								<line number="34" hits="0" branch="false"/>
[...]
							</lines>
						</method>
						<method name="createIndexedSlicesQuery" signature="(Lme/prettyprint/hector/api/Keyspace;Lme/prettyprint/hector/api/Serializer;Lme/prettyprint/hector/api/Serializer;Lme/prettyprint/hector/api/Serializer;)Lme/prettyprint/cassandra/model/IndexedSlicesQuery;" line-rate="0.0" branch-rate="1.0">
							<lines>
								<line number="217" hits="0" branch="false"/>
							</lines>
						</method>
						<method name="createKeyspace" signature="(Ljava/lang/String;Lme/prettyprint/hector/api/Cluster;)Lme/prettyprint/hector/api/Keyspace;" line-rate="1.0" branch-rate="1.0">
							<lines>
								<line number="121" hits="36" branch="false"/>
							</lines>
						</method>
						<method name="createKeyspace" signature="(Ljava/lang/String;Lme/prettyprint/hector/api/Cluster;Lme/prettyprint/hector/api/ConsistencyLevelPolicy;)Lme/prettyprint/hector/api/Keyspace;" line-rate="0.0" branch-rate="1.0">
							<lines>
								<line number="127" hits="0" branch="false"/>
							</lines>
						</method>
						<method name="createKeyspace" signature="(Ljava/lang/String;Lme/prettyprint/hector/api/Cluster;Lme/prettyprint/hector/api/ConsistencyLevelPolicy;Lme/prettyprint/cassandra/service/FailoverPolicy;)Lme/prettyprint/hector/api/Keyspace;" line-rate="1.0" branch-rate="1.0">
							<lines>
								<line number="133" hits="36" branch="false"/>
							</lines>
						</method>
						<method name="createKeyspace" signature="(Ljava/lang/String;Lme/prettyprint/hector/api/Cluster;Lme/prettyprint/hector/api/ConsistencyLevelPolicy;Lme/prettyprint/cassandra/service/FailoverPolicy;Ljava/util/Map;)Lme/prettyprint/hector/api/Keyspace;" line-rate="0.0" branch-rate="1.0">
							<lines>
								<line number="139" hits="0" branch="false"/>
							</lines>
						</method>
						<method name="createKeyspaceDefinition" signature="(Ljava/lang/String;)Lme/prettyprint/hector/api/ddl/KeyspaceDefinition;" line-rate="0.0" branch-rate="1.0">
							<lines>
								<line number="295" hits="0" branch="false"/>
							</lines>
						</method>
						<method name="createKeyspaceDefinition" signature="(Ljava/lang/String;Ljava/lang/String;ILjava/util/List;)Lme/prettyprint/hector/api/ddl/KeyspaceDefinition;" line-rate="1.0" branch-rate="1.0">
							<lines>
								<line number="300" hits="3" branch="false"/>
							</lines>
						</method>
						<method name="createMultigetSliceQuery" signature="(Lme/prettyprint/hector/api/Keyspace;Lme/prettyprint/hector/api/Serializer;Lme/prettyprint/hector/api/Serializer;Lme/prettyprint/hector/api/Serializer;)Lme/prettyprint/hector/api/query/MultigetSliceQuery;" line-rate="1.0" branch-rate="1.0">
							<lines>
								<line number="183" hits="6" branch="false"/>
							</lines>
						</method>
						<method name="createMultigetSubSliceQuery" signature="(Lme/prettyprint/hector/api/Keyspace;Lme/prettyprint/hector/api/Serializer;Lme/prettyprint/hector/api/Serializer;Lme/prettyprint/hector/api/Serializer;Lme/prettyprint/hector/api/Serializer;)Lme/prettyprint/hector/api/query/MultigetSubSliceQuery;" line-rate="1.0" branch-rate="1.0">
							<lines>
								<line number="200" hits="2" branch="false"/>
							</lines>
						</method>
						<method name="createMultigetSuperSliceQuery" signature="(Lme/prettyprint/hector/api/Keyspace;Lme/prettyprint/hector/api/Serializer;Lme/prettyprint/hector/api/Serializer;Lme/prettyprint/hector/api/Serializer;Lme/prettyprint/hector/api/Serializer;)Lme/prettyprint/hector/api/query/MultigetSuperSliceQuery;" line-rate="1.0" branch-rate="1.0">
							<lines>
								<line number="195" hits="1" branch="false"/>
							</lines>
						</method>
						<method name="createMutator" signature="(Lme/prettyprint/hector/api/Keyspace;Lme/prettyprint/hector/api/Serializer;)Lme/prettyprint/hector/api/mutation/Mutator;" line-rate="1.0" branch-rate="1.0">
							<lines>
								<line number="147" hits="48" branch="false"/>
							</lines>
						</method>
						<method name="createRangeSlicesQuery" signature="(Lme/prettyprint/hector/api/Keyspace;Lme/prettyprint/hector/api/Serializer;Lme/prettyprint/hector/api/Serializer;Lme/prettyprint/hector/api/Serializer;)Lme/prettyprint/hector/api/query/RangeSlicesQuery;" line-rate="1.0" branch-rate="1.0">
							<lines>
								<line number="205" hits="2" branch="false"/>
							</lines>
						</method>
						<method name="createRangeSubSlicesQuery" signature="(Lme/prettyprint/hector/api/Keyspace;Lme/prettyprint/hector/api/Serializer;Lme/prettyprint/hector/api/Serializer;Lme/prettyprint/hector/api/Serializer;Lme/prettyprint/hector/api/Serializer;)Lme/prettyprint/hector/api/query/RangeSubSlicesQuery;" line-rate="1.0" branch-rate="1.0">
							<lines>
								<line number="223" hits="1" branch="false"/>
							</lines>
						</method>
						<method name="createRangeSuperSlicesQuery" signature="(Lme/prettyprint/hector/api/Keyspace;Lme/prettyprint/hector/api/Serializer;Lme/prettyprint/hector/api/Serializer;Lme/prettyprint/hector/api/Serializer;Lme/prettyprint/hector/api/Serializer;)Lme/prettyprint/hector/api/query/RangeSuperSlicesQuery;" line-rate="1.0" branch-rate="1.0">
							<lines>
								<line number="211" hits="1" branch="false"/>
							</lines>
						</method>
						<method name="createSliceQuery" signature="(Lme/prettyprint/hector/api/Keyspace;Lme/prettyprint/hector/api/Serializer;Lme/prettyprint/hector/api/Serializer;Lme/prettyprint/hector/api/Serializer;)Lme/prettyprint/hector/api/query/SliceQuery;" line-rate="1.0" branch-rate="1.0">
							<lines>
								<line number="228" hits="2" branch="false"/>
							</lines>
						</method>
						<method name="createStringColumn" signature="(Ljava/lang/String;Ljava/lang/String;)Lme/prettyprint/hector/api/beans/HColumn;" line-rate="0.0" branch-rate="1.0">
							<lines>
								<line number="282" hits="0" branch="false"/>
								<line number="283" hits="0" branch="false"/>
							</lines>
						</method>
						<method name="createStringColumnQuery" signature="(Lme/prettyprint/hector/api/Keyspace;)Lme/prettyprint/hector/api/query/ColumnQuery;" line-rate="1.0" branch-rate="1.0">
							<lines>
								<line number="171" hits="6" branch="false"/>
								<line number="172" hits="6" branch="false"/>
							</lines>
						</method>
						<method name="createSubColumnQuery" signature="(Lme/prettyprint/hector/api/Keyspace;Lme/prettyprint/hector/api/Serializer;Lme/prettyprint/hector/api/Serializer;Lme/prettyprint/hector/api/Serializer;Lme/prettyprint/hector/api/Serializer;)Lme/prettyprint/hector/api/query/SubColumnQuery;" line-rate="1.0" branch-rate="1.0">
							<lines>
								<line number="189" hits="1" branch="false"/>
							</lines>
						</method>
						<method name="createSubCountQuery" signature="(Lme/prettyprint/hector/api/Keyspace;Lme/prettyprint/hector/api/Serializer;Lme/prettyprint/hector/api/Serializer;Lme/prettyprint/hector/api/Serializer;)Lme/prettyprint/hector/api/query/SubCountQuery;" line-rate="1.0" branch-rate="1.0">
							<lines>
								<line number="167" hits="1" branch="false"/>
							</lines>
						</method>
						<method name="createSubSliceQuery" signature="(Lme/prettyprint/hector/api/Keyspace;Lme/prettyprint/hector/api/Serializer;Lme/prettyprint/hector/api/Serializer;Lme/prettyprint/hector/api/Serializer;Lme/prettyprint/hector/api/Serializer;)Lme/prettyprint/hector/api/query/SubSliceQuery;" line-rate="1.0" branch-rate="1.0">
							<lines>
								<line number="234" hits="3" branch="false"/>
							</lines>
						</method>
						<method name="createSuperColumn" signature="(Ljava/lang/Object;Ljava/util/List;JLme/prettyprint/hector/api/Serializer;Lme/prettyprint/hector/api/Serializer;Lme/prettyprint/hector/api/Serializer;)Lme/prettyprint/hector/api/beans/HSuperColumn;" line-rate="0.0" branch-rate="1.0">
							<lines>
								<line number="261" hits="0" branch="false"/>
							</lines>
						</method>
						<method name="createSuperColumn" signature="(Ljava/lang/Object;Ljava/util/List;Lme/prettyprint/hector/api/Serializer;Lme/prettyprint/hector/api/Serializer;Lme/prettyprint/hector/api/Serializer;)Lme/prettyprint/hector/api/beans/HSuperColumn;" line-rate="1.0" branch-rate="1.0">
							<lines>
								<line number="254" hits="59" branch="false"/>
							</lines>
						</method>
						<method name="createSuperColumnQuery" signature="(Lme/prettyprint/hector/api/Keyspace;Lme/prettyprint/hector/api/Serializer;Lme/prettyprint/hector/api/Serializer;Lme/prettyprint/hector/api/Serializer;Lme/prettyprint/hector/api/Serializer;)Lme/prettyprint/hector/api/query/SuperColumnQuery;" line-rate="1.0" branch-rate="1.0">
							<lines>
								<line number="177" hits="2" branch="false"/>
							</lines>
						</method>
						<method name="createSuperCountQuery" signature="(Lme/prettyprint/hector/api/Keyspace;Lme/prettyprint/hector/api/Serializer;Lme/prettyprint/hector/api/Serializer;)Lme/prettyprint/hector/api/query/SuperCountQuery;" line-rate="1.0" branch-rate="1.0">
							<lines>
								<line number="162" hits="1" branch="false"/>
							</lines>
						</method>
						<method name="createSuperSliceQuery" signature="(Lme/prettyprint/hector/api/Keyspace;Lme/prettyprint/hector/api/Serializer;Lme/prettyprint/hector/api/Serializer;Lme/prettyprint/hector/api/Serializer;Lme/prettyprint/hector/api/Serializer;)Lme/prettyprint/hector/api/query/SuperSliceQuery;" line-rate="1.0" branch-rate="1.0">
							<lines>
								<line number="240" hits="2" branch="false"/>
							</lines>
						</method>
						<method name="getCluster" signature="(Ljava/lang/String;)Lme/prettyprint/hector/api/Cluster;" line-rate="0.0" branch-rate="1.0">
							<lines>
								<line number="81" hits="0" branch="false"/>
							</lines>
						</method>
						<method name="getOrCreateCluster" signature="(Ljava/lang/String;Ljava/lang/String;)Lme/prettyprint/hector/api/Cluster;" line-rate="1.0" branch-rate="1.0">
							<lines>
								<line number="91" hits="29" branch="false"/>
							</lines>
						</method>
						<method name="getOrCreateCluster" signature="(Ljava/lang/String;Lme/prettyprint/cassandra/service/CassandraHostConfigurator;)Lme/prettyprint/hector/api/Cluster;" line-rate="0.8571428571428571" branch-rate="1.0">
							<lines>
								<line number="96" hits="29" branch="false"/>
								<line number="97" hits="29" branch="false"/>
								<line number="98" hits="29" branch="true" condition-coverage="100% (2/2)">
									<conditions>
										<condition number="0" type="jump" coverage="100%"/>
									</conditions>
								</line>
								<line number="99" hits="6" branch="false"/>
								<line number="100" hits="6" branch="false"/>
								<line number="102" hits="29" branch="false"/>
								<line number="103" hits="0" branch="false"/>
							</lines>
						</method>
					</methods>
					<lines>
						<line number="73" hits="0" branch="false"/>
						<line number="75" hits="15" branch="false"/>
						<line number="77" hits="15" branch="false"/>
						<line number="81" hits="0" branch="false"/>
						<line number="91" hits="29" branch="false"/>
						<line number="96" hits="29" branch="false"/>
						<line number="97" hits="29" branch="false"/>
						<line number="98" hits="29" branch="true" condition-coverage="100% (2/2)">
							<conditions>
								<condition number="0" type="jump" coverage="100%"/>
							</conditions>
						</line>
						<line number="99" hits="6" branch="false"/>
						<line number="100" hits="6" branch="false"/>
						<line number="102" hits="29" branch="false"/>
						<line number="103" hits="0" branch="false"/>
						<line number="107" hits="6" branch="true" condition-coverage="50% (1/2)">
							<conditions>
								<condition number="0" type="jump" coverage="50%"/>
							</conditions>
						</line>
						<line number="111" hits="0" branch="true" condition-coverage="0% (0/2)">
							<conditions>
								<condition number="0" type="jump" coverage="0%"/>
							</conditions>
						</line>
						<line number="121" hits="36" branch="false"/>
						<line number="127" hits="0" branch="false"/>
						<line number="133" hits="36" branch="false"/>
						<line number="139" hits="0" branch="false"/>
						<line number="143" hits="36" branch="false"/>
						<line number="147" hits="48" branch="false"/>
						<line number="152" hits="17" branch="false"/>
						<line number="157" hits="2" branch="false"/>
						<line number="162" hits="1" branch="false"/>
						<line number="167" hits="1" branch="false"/>
						<line number="171" hits="6" branch="false"/>
						<line number="172" hits="6" branch="false"/>
						<line number="177" hits="2" branch="false"/>
						<line number="183" hits="6" branch="false"/>
						<line number="189" hits="1" branch="false"/>
						<line number="195" hits="1" branch="false"/>
						<line number="200" hits="2" branch="false"/>
						<line number="205" hits="2" branch="false"/>
						<line number="211" hits="1" branch="false"/>
						<line number="217" hits="0" branch="false"/>
						<line number="223" hits="1" branch="false"/>
						<line number="228" hits="2" branch="false"/>
						<line number="234" hits="3" branch="false"/>
						<line number="240" hits="2" branch="false"/>
						<line number="254" hits="59" branch="false"/>
						<line number="261" hits="0" branch="false"/>
						<line number="267" hits="2" branch="false"/>
						<line number="275" hits="242" branch="false"/>
						<line number="282" hits="0" branch="false"/>
						<line number="283" hits="0" branch="false"/>
						<line number="291" hits="301" branch="false"/>
						<line number="295" hits="0" branch="false"/>
						<line number="300" hits="3" branch="false"/>
						<line number="304" hits="4" branch="false"/>
						<line number="308" hits="0" branch="false"/>
						<line number="312" hits="0" branch="false"/>
						<line number="322" hits="19" branch="true" condition-coverage="100% (2/2)">
							<conditions>
								<condition number="0" type="jump" coverage="100%"/>
							</conditions>
						</line>
						<line number="323" hits="1" branch="false"/>
						<line number="324" hits="18" branch="true" condition-coverage="100% (2/2)">
							<conditions>
								<condition number="0" type="jump" coverage="100%"/>
							</conditions>
						</line>
						<line number="325" hits="1" branch="false"/>
						<line number="326" hits="17" branch="true" condition-coverage="100% (2/2)">
							<conditions>
								<condition number="0" type="jump" coverage="100%"/>
							</conditions>
						</line>
						<line number="327" hits="1" branch="false"/>
						<line number="328" hits="16" branch="true" condition-coverage="100% (2/2)">
							<conditions>
								<condition number="0" type="jump" coverage="100%"/>
							</conditions>
						</line>
						<line number="329" hits="15" branch="false"/>
						<line number="331" hits="1" branch="false"/>
					</lines>
				</class>
			</classes>
		</package>
		<package name="me.prettyprint.hector.api.mutation" line-rate="1.0" branch-rate="1.0" complexity="1.0">
			<classes>
				<class name="me.prettyprint.hector.api.mutation.MutationResult" filename="me/prettyprint/hector/api/mutation/MutationResult.java" line-rate="1.0" branch-rate="1.0" complexity="1.0">
					<methods>
					</methods>
					<lines>
					</lines>
				</class>
				<class name="me.prettyprint.hector.api.mutation.Mutator" filename="me/prettyprint/hector/api/mutation/Mutator.java" line-rate="1.0" branch-rate="1.0" complexity="1.0">
					<methods>
					</methods>
					<lines>
					</lines>
				</class>
			</classes>
		</package>
		<package name="me.prettyprint.hector.api.query" line-rate="1.0" branch-rate="1.0" complexity="1.0">
			<classes>
				<class name="me.prettyprint.hector.api.query.ColumnQuery" filename="me/prettyprint/hector/api/query/ColumnQuery.java" line-rate="1.0" branch-rate="1.0" complexity="1.0">
					<methods>
					</methods>
					<lines>
					</lines>
				</class>
				<class name="me.prettyprint.hector.api.query.CountQuery" filename="me/prettyprint/hector/api/query/CountQuery.java" line-rate="1.0" branch-rate="1.0" complexity="1.0">
					<methods>
					</methods>
					<lines>
					</lines>
				</class>
				<class name="me.prettyprint.hector.api.query.MultigetSliceQuery" filename="me/prettyprint/hector/api/query/MultigetSliceQuery.java" line-rate="1.0" branch-rate="1.0" complexity="1.0">
					<methods>
					</methods>
					<lines>
					</lines>
				</class>
				<class name="me.prettyprint.hector.api.query.MultigetSubSliceQuery" filename="me/prettyprint/hector/api/query/MultigetSubSliceQuery.java" line-rate="1.0" branch-rate="1.0" complexity="1.0">
					<methods>
					</methods>
					<lines>
					</lines>
				</class>
				<class name="me.prettyprint.hector.api.query.MultigetSuperSliceQuery" filename="me/prettyprint/hector/api/query/MultigetSuperSliceQuery.java" line-rate="1.0" branch-rate="1.0" complexity="1.0">
					<methods>
					</methods>
					<lines>
					</lines>
				</class>
				<class name="me.prettyprint.hector.api.query.Query" filename="me/prettyprint/hector/api/query/Query.java" line-rate="1.0" branch-rate="1.0" complexity="1.0">
					<methods>
					</methods>
					<lines>
					</lines>
				</class>
				<class name="me.prettyprint.hector.api.query.QueryResult" filename="me/prettyprint/hector/api/query/QueryResult.java" line-rate="1.0" branch-rate="1.0" complexity="1.0">
					<methods>
					</methods>
					<lines>
					</lines>
				</class>
				<class name="me.prettyprint.hector.api.query.RangeSlicesQuery" filename="me/prettyprint/hector/api/query/RangeSlicesQuery.java" line-rate="1.0" branch-rate="1.0" complexity="1.0">
					<methods>
					</methods>
					<lines>
					</lines>
				</class>
				<class name="me.prettyprint.hector.api.query.RangeSubSlicesQuery" filename="me/prettyprint/hector/api/query/RangeSubSlicesQuery.java" line-rate="1.0" branch-rate="1.0" complexity="1.0">
					<methods>
					</methods>
					<lines>
					</lines>
				</class>
				<class name="me.prettyprint.hector.api.query.RangeSuperSlicesQuery" filename="me/prettyprint/hector/api/query/RangeSuperSlicesQuery.java" line-rate="1.0" branch-rate="1.0" complexity="1.0">
					<methods>
					</methods>
					<lines>
					</lines>
				</class>
				<class name="me.prettyprint.hector.api.query.SliceQuery" filename="me/prettyprint/hector/api/query/SliceQuery.java" line-rate="1.0" branch-rate="1.0" complexity="1.0">
					<methods>
					</methods>
					<lines>
					</lines>
				</class>
				<class name="me.prettyprint.hector.api.query.SubColumnQuery" filename="me/prettyprint/hector/api/query/SubColumnQuery.java" line-rate="1.0" branch-rate="1.0" complexity="1.0">
					<methods>
					</methods>
					<lines>
					</lines>
				</class>
				<class name="me.prettyprint.hector.api.query.SubCountQuery" filename="me/prettyprint/hector/api/query/SubCountQuery.java" line-rate="1.0" branch-rate="1.0" complexity="1.0">
					<methods>
					</methods>
					<lines>
					</lines>
				</class>
				<class name="me.prettyprint.hector.api.query.SubSliceQuery" filename="me/prettyprint/hector/api/query/SubSliceQuery.java" line-rate="1.0" branch-rate="1.0" complexity="1.0">
					<methods>
					</methods>
					<lines>
					</lines>
				</class>
				<class name="me.prettyprint.hector.api.query.SuperColumnQuery" filename="me/prettyprint/hector/api/query/SuperColumnQuery.java" line-rate="1.0" branch-rate="1.0" complexity="1.0">
					<methods>
					</methods>
					<lines>
					</lines>
				</class>
				<class name="me.prettyprint.hector.api.query.SuperCountQuery" filename="me/prettyprint/hector/api/query/SuperCountQuery.java" line-rate="1.0" branch-rate="1.0" complexity="1.0">
					<methods>
					</methods>
					<lines>
					</lines>
				</class>
				<class name="me.prettyprint.hector.api.query.SuperSliceQuery" filename="me/prettyprint/hector/api/query/SuperSliceQuery.java" line-rate="1.0" branch-rate="1.0" complexity="1.0">
					<methods>
					</methods>
					<lines>
					</lines>
				</class>
			</classes>
		</package>
	</packages>
</coverage>
